2025-09-01 20:11:11.001 | INFO     | __main__:__init__:61 - 🎙️ Logic Voice Control starting...
2025-09-01 20:11:11.002 | INFO     | __main__:__init__:62 - Mode: DRY RUN
2025-09-01 20:11:11.002 | INFO     | __main__:__init__:63 - Latency: NORMAL
2025-09-01 20:11:11.002 | INFO     | src.config.loader:_load_config:122 - 📋 Using default configuration
2025-09-01 20:11:11.002 | DEBUG    | src.config.loader:_load_env_overrides:199 - 🔧 Audio device override: PreSonus Quantum 2
2025-09-01 20:11:11.002 | DEBUG    | src.config.loader:_load_env_overrides:204 - 🌐 Language override: de
2025-09-01 20:11:11.002 | DEBUG    | src.config.loader:_load_env_overrides:209 - 🤖 Model override: small
2025-09-01 20:11:11.002 | DEBUG    | src.config.loader:_load_env_overrides:215 - 🎵 Sample rate override: 48000
2025-09-01 20:11:11.002 | DEBUG    | src.config.loader:_load_env_overrides:232 - 📝 Log level override: INFO
2025-09-01 20:11:11.002 | INFO     | src.config.loader:__init__:98 - ⚙️ Configuration loaded
2025-09-01 20:11:11.002 | DEBUG    | src.config.loader:__init__:99 - 🔧 STT Model: small
2025-09-01 20:11:11.002 | DEBUG    | src.config.loader:__init__:100 - 🌐 Language: de
2025-09-01 20:11:11.002 | DEBUG    | src.config.loader:__init__:101 - 🎤 Audio Device: PreSonus Quantum 2
2025-09-01 20:11:11.002 | INFO     | src.audio.capture:__init__:60 - 🎤 Initializing audio capture (device: PreSonus Quantum 2)
2025-09-01 20:11:11.042 | WARNING  | src.audio.capture:_init_audio:75 - ⚠️ Device 'PreSonus Quantum 2' not found, using default
2025-09-01 20:11:11.042 | SUCCESS  | src.audio.capture:_init_audio:85 - ✅ Audio system initialized
2025-09-01 20:11:11.042 | INFO     | src.audio.wake_word:__init__:44 - 🎯 Wake word detector initialized
2025-09-01 20:11:11.042 | INFO     | src.audio.wake_word:__init__:45 - 📝 Wake words: hey logic, logic, computer
2025-09-01 20:11:11.042 | INFO     | src.audio.wake_word:__init__:46 - 🎚️ Threshold: 0.8
2025-09-01 20:11:11.060 | INFO     | src.stt.whisper_adapter:__init__:50 - 🤖 Initializing Whisper STT (model: small, device: mps)
2025-09-01 20:11:13.740 | ERROR    | src.stt.whisper_adapter:__init__:57 - ❌ Failed to load Whisper model: Could not run 'aten::_sparse_coo_tensor_with_dims_and_tensors' with arguments from the 'SparseMPS' backend. This could be because the operator doesn't exist for this backend, or was omitted during the selective/custom build process (if using custom build). If you are a Facebook employee using PyTorch on mobile, please visit https://fburl.com/ptmfixes for possible resolutions. 'aten::_sparse_coo_tensor_with_dims_and_tensors' is only available for these backends: [MPS, Meta, SparseCPU, SparseMeta, BackendSelect, Python, FuncTorchDynamicLayerBackMode, Functionalize, Named, Conjugate, Negative, ZeroTensor, ADInplaceOrView, AutogradOther, AutogradCPU, AutogradCUDA, AutogradHIP, AutogradXLA, AutogradMPS, AutogradIPU, AutogradXPU, AutogradHPU, AutogradVE, AutogradLazy, AutogradMTIA, AutogradMAIA, AutogradPrivateUse1, AutogradPrivateUse2, AutogradPrivateUse3, AutogradMeta, AutogradNestedTensor, Tracer, AutocastCPU, AutocastMTIA, AutocastMAIA, AutocastXPU, AutocastMPS, AutocastCUDA, FuncTorchBatched, BatchedNestedTensor, FuncTorchVmapMode, Batched, VmapMode, FuncTorchGradWrapper, PythonTLSSnapshot, FuncTorchDynamicLayerFrontMode, PreDispatch, PythonDispatcher].

MPS: registered at /Users/runner/work/pytorch/pytorch/pytorch/aten/src/ATen/mps/MPSFallback.mm:79 [backend fallback]
Meta: registered at /Users/runner/work/pytorch/pytorch/pytorch/build/aten/src/ATen/RegisterMeta_0.cpp:13978 [kernel]
SparseCPU: registered at /Users/runner/work/pytorch/pytorch/pytorch/build/aten/src/ATen/RegisterSparseCPU_0.cpp:2598 [kernel]
SparseMeta: registered at /Users/runner/work/pytorch/pytorch/pytorch/build/aten/src/ATen/RegisterSparseMeta_0.cpp:342 [kernel]
BackendSelect: registered at /Users/runner/work/pytorch/pytorch/pytorch/build/aten/src/ATen/RegisterBackendSelect.cpp:792 [kernel]
Python: registered at /Users/runner/work/pytorch/pytorch/pytorch/aten/src/ATen/core/PythonFallbackKernel.cpp:194 [backend fallback]
FuncTorchDynamicLayerBackMode: registered at /Users/runner/work/pytorch/pytorch/pytorch/aten/src/ATen/functorch/DynamicLayer.cpp:479 [backend fallback]
Functionalize: registered at /Users/runner/work/pytorch/pytorch/pytorch/aten/src/ATen/FunctionalizeFallbackKernel.cpp:375 [backend fallback]
Named: registered at /Users/runner/work/pytorch/pytorch/pytorch/aten/src/ATen/core/NamedRegistrations.cpp:7 [backend fallback]
Conjugate: registered at /Users/runner/work/pytorch/pytorch/pytorch/aten/src/ATen/ConjugateFallback.cpp:17 [backend fallback]
Negative: registered at /Users/runner/work/pytorch/pytorch/pytorch/aten/src/ATen/native/NegateFallback.cpp:18 [backend fallback]
ZeroTensor: registered at /Users/runner/work/pytorch/pytorch/pytorch/aten/src/ATen/ZeroTensorFallback.cpp:86 [backend fallback]
ADInplaceOrView: fallthrough registered at /Users/runner/work/pytorch/pytorch/pytorch/aten/src/ATen/core/VariableFallbackKernel.cpp:104 [backend fallback]
AutogradOther: registered at /Users/runner/work/pytorch/pytorch/pytorch/torch/csrc/autograd/generated/VariableType_2.cpp:20142 [autograd kernel]
AutogradCPU: registered at /Users/runner/work/pytorch/pytorch/pytorch/torch/csrc/autograd/generated/VariableType_2.cpp:20142 [autograd kernel]
AutogradCUDA: registered at /Users/runner/work/pytorch/pytorch/pytorch/torch/csrc/autograd/generated/VariableType_2.cpp:20142 [autograd kernel]
AutogradHIP: registered at /Users/runner/work/pytorch/pytorch/pytorch/torch/csrc/autograd/generated/VariableType_2.cpp:20142 [autograd kernel]
AutogradXLA: registered at /Users/runner/work/pytorch/pytorch/pytorch/torch/csrc/autograd/generated/VariableType_2.cpp:20142 [autograd kernel]
AutogradMPS: registered at /Users/runner/work/pytorch/pytorch/pytorch/torch/csrc/autograd/generated/VariableType_2.cpp:20142 [autograd kernel]
AutogradIPU: registered at /Users/runner/work/pytorch/pytorch/pytorch/torch/csrc/autograd/generated/VariableType_2.cpp:20142 [autograd kernel]
AutogradXPU: registered at /Users/runner/work/pytorch/pytorch/pytorch/torch/csrc/autograd/generated/VariableType_2.cpp:20142 [autograd kernel]
AutogradHPU: registered at /Users/runner/work/pytorch/pytorch/pytorch/torch/csrc/autograd/generated/VariableType_2.cpp:20142 [autograd kernel]
AutogradVE: registered at /Users/runner/work/pytorch/pytorch/pytorch/torch/csrc/autograd/generated/VariableType_2.cpp:20142 [autograd kernel]
AutogradLazy: registered at /Users/runner/work/pytorch/pytorch/pytorch/torch/csrc/autograd/generated/VariableType_2.cpp:20142 [autograd kernel]
AutogradMTIA: registered at /Users/runner/work/pytorch/pytorch/pytorch/torch/csrc/autograd/generated/VariableType_2.cpp:20142 [autograd kernel]
AutogradMAIA: registered at /Users/runner/work/pytorch/pytorch/pytorch/torch/csrc/autograd/generated/VariableType_2.cpp:20142 [autograd kernel]
AutogradPrivateUse1: registered at /Users/runner/work/pytorch/pytorch/pytorch/torch/csrc/autograd/generated/VariableType_2.cpp:20142 [autograd kernel]
AutogradPrivateUse2: registered at /Users/runner/work/pytorch/pytorch/pytorch/torch/csrc/autograd/generated/VariableType_2.cpp:20142 [autograd kernel]
AutogradPrivateUse3: registered at /Users/runner/work/pytorch/pytorch/pytorch/torch/csrc/autograd/generated/VariableType_2.cpp:20142 [autograd kernel]
AutogradMeta: registered at /Users/runner/work/pytorch/pytorch/pytorch/torch/csrc/autograd/generated/VariableType_2.cpp:20142 [autograd kernel]
AutogradNestedTensor: registered at /Users/runner/work/pytorch/pytorch/pytorch/torch/csrc/autograd/generated/VariableType_2.cpp:20142 [autograd kernel]
Tracer: registered at /Users/runner/work/pytorch/pytorch/pytorch/torch/csrc/autograd/generated/TraceType_2.cpp:17887 [kernel]
AutocastCPU: fallthrough registered at /Users/runner/work/pytorch/pytorch/pytorch/aten/src/ATen/autocast_mode.cpp:322 [backend fallback]
AutocastMTIA: fallthrough registered at /Users/runner/work/pytorch/pytorch/pytorch/aten/src/ATen/autocast_mode.cpp:466 [backend fallback]
AutocastMAIA: fallthrough registered at /Users/runner/work/pytorch/pytorch/pytorch/aten/src/ATen/autocast_mode.cpp:504 [backend fallback]
AutocastXPU: fallthrough registered at /Users/runner/work/pytorch/pytorch/pytorch/aten/src/ATen/autocast_mode.cpp:542 [backend fallback]
AutocastMPS: fallthrough registered at /Users/runner/work/pytorch/pytorch/pytorch/aten/src/ATen/autocast_mode.cpp:209 [backend fallback]
AutocastCUDA: fallthrough registered at /Users/runner/work/pytorch/pytorch/pytorch/aten/src/ATen/autocast_mode.cpp:165 [backend fallback]
FuncTorchBatched: registered at /Users/runner/work/pytorch/pytorch/pytorch/aten/src/ATen/functorch/LegacyBatchingRegistrations.cpp:731 [backend fallback]
BatchedNestedTensor: registered at /Users/runner/work/pytorch/pytorch/pytorch/aten/src/ATen/functorch/LegacyBatchingRegistrations.cpp:758 [backend fallback]
FuncTorchVmapMode: fallthrough registered at /Users/runner/work/pytorch/pytorch/pytorch/aten/src/ATen/functorch/VmapModeRegistrations.cpp:27 [backend fallback]
Batched: registered at /Users/runner/work/pytorch/pytorch/pytorch/aten/src/ATen/LegacyBatchingRegistrations.cpp:1075 [backend fallback]
VmapMode: fallthrough registered at /Users/runner/work/pytorch/pytorch/pytorch/aten/src/ATen/VmapModeRegistrations.cpp:33 [backend fallback]
FuncTorchGradWrapper: registered at /Users/runner/work/pytorch/pytorch/pytorch/aten/src/ATen/functorch/TensorWrapper.cpp:210 [backend fallback]
PythonTLSSnapshot: registered at /Users/runner/work/pytorch/pytorch/pytorch/aten/src/ATen/core/PythonFallbackKernel.cpp:202 [backend fallback]
FuncTorchDynamicLayerFrontMode: registered at /Users/runner/work/pytorch/pytorch/pytorch/aten/src/ATen/functorch/DynamicLayer.cpp:475 [backend fallback]
PreDispatch: registered at /Users/runner/work/pytorch/pytorch/pytorch/aten/src/ATen/core/PythonFallbackKernel.cpp:206 [backend fallback]
PythonDispatcher: registered at /Users/runner/work/pytorch/pytorch/pytorch/aten/src/ATen/core/PythonFallbackKernel.cpp:198 [backend fallback]

2025-09-01 20:11:13.740 | ERROR    | __main__:_init_components:114 - ❌ Failed to initialize components: Could not run 'aten::_sparse_coo_tensor_with_dims_and_tensors' with arguments from the 'SparseMPS' backend. This could be because the operator doesn't exist for this backend, or was omitted during the selective/custom build process (if using custom build). If you are a Facebook employee using PyTorch on mobile, please visit https://fburl.com/ptmfixes for possible resolutions. 'aten::_sparse_coo_tensor_with_dims_and_tensors' is only available for these backends: [MPS, Meta, SparseCPU, SparseMeta, BackendSelect, Python, FuncTorchDynamicLayerBackMode, Functionalize, Named, Conjugate, Negative, ZeroTensor, ADInplaceOrView, AutogradOther, AutogradCPU, AutogradCUDA, AutogradHIP, AutogradXLA, AutogradMPS, AutogradIPU, AutogradXPU, AutogradHPU, AutogradVE, AutogradLazy, AutogradMTIA, AutogradMAIA, AutogradPrivateUse1, AutogradPrivateUse2, AutogradPrivateUse3, AutogradMeta, AutogradNestedTensor, Tracer, AutocastCPU, AutocastMTIA, AutocastMAIA, AutocastXPU, AutocastMPS, AutocastCUDA, FuncTorchBatched, BatchedNestedTensor, FuncTorchVmapMode, Batched, VmapMode, FuncTorchGradWrapper, PythonTLSSnapshot, FuncTorchDynamicLayerFrontMode, PreDispatch, PythonDispatcher].

MPS: registered at /Users/runner/work/pytorch/pytorch/pytorch/aten/src/ATen/mps/MPSFallback.mm:79 [backend fallback]
Meta: registered at /Users/runner/work/pytorch/pytorch/pytorch/build/aten/src/ATen/RegisterMeta_0.cpp:13978 [kernel]
SparseCPU: registered at /Users/runner/work/pytorch/pytorch/pytorch/build/aten/src/ATen/RegisterSparseCPU_0.cpp:2598 [kernel]
SparseMeta: registered at /Users/runner/work/pytorch/pytorch/pytorch/build/aten/src/ATen/RegisterSparseMeta_0.cpp:342 [kernel]
BackendSelect: registered at /Users/runner/work/pytorch/pytorch/pytorch/build/aten/src/ATen/RegisterBackendSelect.cpp:792 [kernel]
Python: registered at /Users/runner/work/pytorch/pytorch/pytorch/aten/src/ATen/core/PythonFallbackKernel.cpp:194 [backend fallback]
FuncTorchDynamicLayerBackMode: registered at /Users/runner/work/pytorch/pytorch/pytorch/aten/src/ATen/functorch/DynamicLayer.cpp:479 [backend fallback]
Functionalize: registered at /Users/runner/work/pytorch/pytorch/pytorch/aten/src/ATen/FunctionalizeFallbackKernel.cpp:375 [backend fallback]
Named: registered at /Users/runner/work/pytorch/pytorch/pytorch/aten/src/ATen/core/NamedRegistrations.cpp:7 [backend fallback]
Conjugate: registered at /Users/runner/work/pytorch/pytorch/pytorch/aten/src/ATen/ConjugateFallback.cpp:17 [backend fallback]
Negative: registered at /Users/runner/work/pytorch/pytorch/pytorch/aten/src/ATen/native/NegateFallback.cpp:18 [backend fallback]
ZeroTensor: registered at /Users/runner/work/pytorch/pytorch/pytorch/aten/src/ATen/ZeroTensorFallback.cpp:86 [backend fallback]
ADInplaceOrView: fallthrough registered at /Users/runner/work/pytorch/pytorch/pytorch/aten/src/ATen/core/VariableFallbackKernel.cpp:104 [backend fallback]
AutogradOther: registered at /Users/runner/work/pytorch/pytorch/pytorch/torch/csrc/autograd/generated/VariableType_2.cpp:20142 [autograd kernel]
AutogradCPU: registered at /Users/runner/work/pytorch/pytorch/pytorch/torch/csrc/autograd/generated/VariableType_2.cpp:20142 [autograd kernel]
AutogradCUDA: registered at /Users/runner/work/pytorch/pytorch/pytorch/torch/csrc/autograd/generated/VariableType_2.cpp:20142 [autograd kernel]
AutogradHIP: registered at /Users/runner/work/pytorch/pytorch/pytorch/torch/csrc/autograd/generated/VariableType_2.cpp:20142 [autograd kernel]
AutogradXLA: registered at /Users/runner/work/pytorch/pytorch/pytorch/torch/csrc/autograd/generated/VariableType_2.cpp:20142 [autograd kernel]
AutogradMPS: registered at /Users/runner/work/pytorch/pytorch/pytorch/torch/csrc/autograd/generated/VariableType_2.cpp:20142 [autograd kernel]
AutogradIPU: registered at /Users/runner/work/pytorch/pytorch/pytorch/torch/csrc/autograd/generated/VariableType_2.cpp:20142 [autograd kernel]
AutogradXPU: registered at /Users/runner/work/pytorch/pytorch/pytorch/torch/csrc/autograd/generated/VariableType_2.cpp:20142 [autograd kernel]
AutogradHPU: registered at /Users/runner/work/pytorch/pytorch/pytorch/torch/csrc/autograd/generated/VariableType_2.cpp:20142 [autograd kernel]
AutogradVE: registered at /Users/runner/work/pytorch/pytorch/pytorch/torch/csrc/autograd/generated/VariableType_2.cpp:20142 [autograd kernel]
AutogradLazy: registered at /Users/runner/work/pytorch/pytorch/pytorch/torch/csrc/autograd/generated/VariableType_2.cpp:20142 [autograd kernel]
AutogradMTIA: registered at /Users/runner/work/pytorch/pytorch/pytorch/torch/csrc/autograd/generated/VariableType_2.cpp:20142 [autograd kernel]
AutogradMAIA: registered at /Users/runner/work/pytorch/pytorch/pytorch/torch/csrc/autograd/generated/VariableType_2.cpp:20142 [autograd kernel]
AutogradPrivateUse1: registered at /Users/runner/work/pytorch/pytorch/pytorch/torch/csrc/autograd/generated/VariableType_2.cpp:20142 [autograd kernel]
AutogradPrivateUse2: registered at /Users/runner/work/pytorch/pytorch/pytorch/torch/csrc/autograd/generated/VariableType_2.cpp:20142 [autograd kernel]
AutogradPrivateUse3: registered at /Users/runner/work/pytorch/pytorch/pytorch/torch/csrc/autograd/generated/VariableType_2.cpp:20142 [autograd kernel]
AutogradMeta: registered at /Users/runner/work/pytorch/pytorch/pytorch/torch/csrc/autograd/generated/VariableType_2.cpp:20142 [autograd kernel]
AutogradNestedTensor: registered at /Users/runner/work/pytorch/pytorch/pytorch/torch/csrc/autograd/generated/VariableType_2.cpp:20142 [autograd kernel]
Tracer: registered at /Users/runner/work/pytorch/pytorch/pytorch/torch/csrc/autograd/generated/TraceType_2.cpp:17887 [kernel]
AutocastCPU: fallthrough registered at /Users/runner/work/pytorch/pytorch/pytorch/aten/src/ATen/autocast_mode.cpp:322 [backend fallback]
AutocastMTIA: fallthrough registered at /Users/runner/work/pytorch/pytorch/pytorch/aten/src/ATen/autocast_mode.cpp:466 [backend fallback]
AutocastMAIA: fallthrough registered at /Users/runner/work/pytorch/pytorch/pytorch/aten/src/ATen/autocast_mode.cpp:504 [backend fallback]
AutocastXPU: fallthrough registered at /Users/runner/work/pytorch/pytorch/pytorch/aten/src/ATen/autocast_mode.cpp:542 [backend fallback]
AutocastMPS: fallthrough registered at /Users/runner/work/pytorch/pytorch/pytorch/aten/src/ATen/autocast_mode.cpp:209 [backend fallback]
AutocastCUDA: fallthrough registered at /Users/runner/work/pytorch/pytorch/pytorch/aten/src/ATen/autocast_mode.cpp:165 [backend fallback]
FuncTorchBatched: registered at /Users/runner/work/pytorch/pytorch/pytorch/aten/src/ATen/functorch/LegacyBatchingRegistrations.cpp:731 [backend fallback]
BatchedNestedTensor: registered at /Users/runner/work/pytorch/pytorch/pytorch/aten/src/ATen/functorch/LegacyBatchingRegistrations.cpp:758 [backend fallback]
FuncTorchVmapMode: fallthrough registered at /Users/runner/work/pytorch/pytorch/pytorch/aten/src/ATen/functorch/VmapModeRegistrations.cpp:27 [backend fallback]
Batched: registered at /Users/runner/work/pytorch/pytorch/pytorch/aten/src/ATen/LegacyBatchingRegistrations.cpp:1075 [backend fallback]
VmapMode: fallthrough registered at /Users/runner/work/pytorch/pytorch/pytorch/aten/src/ATen/VmapModeRegistrations.cpp:33 [backend fallback]
FuncTorchGradWrapper: registered at /Users/runner/work/pytorch/pytorch/pytorch/aten/src/ATen/functorch/TensorWrapper.cpp:210 [backend fallback]
PythonTLSSnapshot: registered at /Users/runner/work/pytorch/pytorch/pytorch/aten/src/ATen/core/PythonFallbackKernel.cpp:202 [backend fallback]
FuncTorchDynamicLayerFrontMode: registered at /Users/runner/work/pytorch/pytorch/pytorch/aten/src/ATen/functorch/DynamicLayer.cpp:475 [backend fallback]
PreDispatch: registered at /Users/runner/work/pytorch/pytorch/pytorch/aten/src/ATen/core/PythonFallbackKernel.cpp:206 [backend fallback]
PythonDispatcher: registered at /Users/runner/work/pytorch/pytorch/pytorch/aten/src/ATen/core/PythonFallbackKernel.cpp:198 [backend fallback]

